<?xml version="1.0" encoding="UTF-8"?>
<testng-results skipped="0" failed="0" ignored="0" total="1" passed="1">
  <reporter-output>
    <line>
      <![CDATA[Welcome to www.urbanladder.com]]>
    </line>
    <line>
      <![CDATA[Logged in successfully...!!]]>
    </line>
    <line>
      <![CDATA[Successfully validated]]>
    </line>
    <line>
      <![CDATA[Successfully validated]]>
    </line>
    <line>
      <![CDATA[Successfully validated]]>
    </line>
    <line>
      <![CDATA[Successfully validated]]>
    </line>
    <line>
      <![CDATA[Successfully validated]]>
    </line>
    <line>
      <![CDATA[Successfully validated]]>
    </line>
    <line>
      <![CDATA[Successfully validated]]>
    </line>
    <line>
      <![CDATA[Successfully validated]]>
    </line>
    <line>
      <![CDATA[Successfully validated]]>
    </line>
    <line>
      <![CDATA[Successfully validated]]>
    </line>
    <line>
      <![CDATA[Successfully validated]]>
    </line>
    <line>
      <![CDATA[Logged out successfully...!!]]>
    </line>
  </reporter-output>
  <suite name="Default suite" duration-ms="69969" started-at="2018-10-18T10:58:51Z" finished-at="2018-10-18T11:00:01Z">
    <groups>
    </groups>
    <test name="Default test" duration-ms="69969" started-at="2018-10-18T10:58:51Z" finished-at="2018-10-18T11:00:01Z">
      <class name="tests.GetText">
        <test-method status="PASS" signature="launchApplication()[pri:0, instance:tests.GetText@14bf9759]" name="launchApplication" is-config="true" duration-ms="18029" started-at="2018-10-18T16:28:51Z" finished-at="2018-10-18T16:29:09Z">
          <reporter-output>
          </reporter-output>
        </test-method> <!-- launchApplication -->
        <test-method status="PASS" signature="getText()[pri:0, instance:tests.GetText@14bf9759]" name="getText" duration-ms="49828" started-at="2018-10-18T16:29:09Z" finished-at="2018-10-18T16:29:59Z">
          <reporter-output>
            <line>
              <![CDATA[Welcome to www.urbanladder.com]]>
            </line>
            <line>
              <![CDATA[Logged in successfully...!!]]>
            </line>
            <line>
              <![CDATA[Successfully validated]]>
            </line>
            <line>
              <![CDATA[Successfully validated]]>
            </line>
            <line>
              <![CDATA[Successfully validated]]>
            </line>
            <line>
              <![CDATA[Successfully validated]]>
            </line>
            <line>
              <![CDATA[Successfully validated]]>
            </line>
            <line>
              <![CDATA[Successfully validated]]>
            </line>
            <line>
              <![CDATA[Successfully validated]]>
            </line>
            <line>
              <![CDATA[Successfully validated]]>
            </line>
            <line>
              <![CDATA[Successfully validated]]>
            </line>
            <line>
              <![CDATA[Successfully validated]]>
            </line>
            <line>
              <![CDATA[Successfully validated]]>
            </line>
            <line>
              <![CDATA[Logged out successfully...!!]]>
            </line>
          </reporter-output>
        </test-method> <!-- getText -->
        <test-method status="PASS" signature="close()[pri:0, instance:tests.GetText@14bf9759]" name="close" is-config="true" duration-ms="2079" started-at="2018-10-18T16:29:59Z" finished-at="2018-10-18T16:30:01Z">
          <reporter-output>
          </reporter-output>
        </test-method> <!-- close -->
      </class> <!-- tests.GetText -->
    </test> <!-- Default test -->
  </suite> <!-- Default suite -->
</testng-results>
